[2022-07-26 03:57:18,432]^;INFO^;225^;configuration.py^;get_training_pipeline_config()^;Training pipleine config: TrainingPipelineConfig(artifact_dir='C:\\fullstackdatascience\\ineuron project\\ML_StoreSales\\mlstoresales\\artifact')
[2022-07-26 03:57:18,445]^;INFO^;114^;pipeline.py^;run_pipeline()^;Pipeline starting.
[2022-07-26 03:57:18,445]^;INFO^;13^;demo.py^;main()^;main function execution completed.
[2022-07-26 03:57:18,445]^;INFO^;130^;pipeline.py^;run_pipeline()^;Pipeline experiment: Experiment(experiment_id='9c2171f8-6747-4f44-97e0-3d76a517be4f', initialization_timestamp='2022-07-26-03-57-12', artifact_time_stamp='2022-07-26-03-57-12', running_status=True, start_time=datetime.datetime(2022, 7, 26, 3, 57, 18, 445493), stop_time=None, execution_time=None, message='Pipeline has been started.', experiment_file_path='C:\\fullstackdatascience\\ineuron project\\ML_StoreSales\\mlstoresales\\artifact\\experiment\\experiment.csv', accuracy=None, is_model_accepted=None)
[2022-07-26 03:57:18,521]^;INFO^;64^;configuration.py^;get_data_ingestion_config()^;Data Ingestion config: DataIngestionConfig(dataset_download_url='https://raw.githubusercontent.com/codeofelango/ineuronproject_storesales/main/Train.csv', tgz_download_dir='C:\\fullstackdatascience\\ineuron project\\ML_StoreSales\\mlstoresales\\artifact\\data_ingestion\\2022-07-26-03-57-12\\tgz_data', raw_data_dir='C:\\fullstackdatascience\\ineuron project\\ML_StoreSales\\mlstoresales\\artifact\\data_ingestion\\2022-07-26-03-57-12\\raw_data', ingested_train_dir='C:\\fullstackdatascience\\ineuron project\\ML_StoreSales\\mlstoresales\\artifact\\data_ingestion\\2022-07-26-03-57-12\\ingested_data\\train', ingested_test_dir='C:\\fullstackdatascience\\ineuron project\\ML_StoreSales\\mlstoresales\\artifact\\data_ingestion\\2022-07-26-03-57-12\\ingested_data\\test')
[2022-07-26 03:57:18,522]^;INFO^;16^;data_ingestion.py^;__init__()^;>>>>>>>>>>>>>>>>>>>>>>>>>>>>>>>>>>>>>>>>Data Ingestion log started.<<<<<<<<<<<<<<<<<<<<<<<<<<<<<<<<<<<<<<<< 
[2022-07-26 03:57:18,522]^;INFO^;126^;data_ingestion.py^;initiate_data_ingestion()^;Downloadingstarted from github location
[2022-07-26 03:57:18,524]^;INFO^;37^;data_ingestion.py^;download_housing_data()^;Downloading file from :[https://raw.githubusercontent.com/codeofelango/ineuronproject_storesales/main/Train.csv] into :[C:\fullstackdatascience\ineuron project\ML_StoreSales\mlstoresales\artifact\data_ingestion\2022-07-26-03-57-12\tgz_data\Train.csv]
[2022-07-26 03:57:20,070]^;INFO^;39^;data_ingestion.py^;download_housing_data()^;File :[C:\fullstackdatascience\ineuron project\ML_StoreSales\mlstoresales\artifact\data_ingestion\2022-07-26-03-57-12\tgz_data\Train.csv] has been downloaded successfully.
[2022-07-26 03:57:20,070]^;INFO^;128^;data_ingestion.py^;initiate_data_ingestion()^;Extracting started
[2022-07-26 03:57:20,072]^;INFO^;56^;data_ingestion.py^;extract_tgz_file()^;Extracting tgz file: [C:\fullstackdatascience\ineuron project\ML_StoreSales\mlstoresales\artifact\data_ingestion\2022-07-26-03-57-12\raw_data\Train.csv] into dir: [C:\fullstackdatascience\ineuron project\ML_StoreSales\mlstoresales\artifact\data_ingestion\2022-07-26-03-57-12\raw_data]
[2022-07-26 03:57:21,210]^;INFO^;60^;data_ingestion.py^;extract_tgz_file()^;Extraction completed
[2022-07-26 03:57:21,210]^;INFO^;130^;data_ingestion.py^;initiate_data_ingestion()^;spliting from github location
[2022-07-26 03:57:21,213]^;INFO^;74^;data_ingestion.py^;split_data_as_train_test()^;Reading csv file: [C:\fullstackdatascience\ineuron project\ML_StoreSales\mlstoresales\artifact\data_ingestion\2022-07-26-03-57-12\raw_data\Train.csv]
[2022-07-26 03:57:21,868]^;INFO^;84^;data_ingestion.py^;split_data_as_train_test()^;Splitting data into train and test
[2022-07-26 03:57:21,869]^;INFO^;89^;data_ingestion.py^;split_data_as_train_test()^;start StratifiedShuffleSplit data into train and test
[2022-07-26 03:57:22,217]^;INFO^;94^;data_ingestion.py^;split_data_as_train_test()^;stop StratifiedShuffleSplit data into train and test in loop
[2022-07-26 03:57:22,244]^;INFO^;104^;data_ingestion.py^;split_data_as_train_test()^;Exporting training datset to file: [C:\fullstackdatascience\ineuron project\ML_StoreSales\mlstoresales\artifact\data_ingestion\2022-07-26-03-57-12\ingested_data\train\Train.csv]
[2022-07-26 03:57:22,916]^;INFO^;109^;data_ingestion.py^;split_data_as_train_test()^;Exporting test dataset to file: [C:\fullstackdatascience\ineuron project\ML_StoreSales\mlstoresales\artifact\data_ingestion\2022-07-26-03-57-12\ingested_data\test\Train.csv]
[2022-07-26 03:57:23,062]^;INFO^;118^;data_ingestion.py^;split_data_as_train_test()^;Data Ingestion artifact:[DataIngestionArtifact(train_file_path='C:\\fullstackdatascience\\ineuron project\\ML_StoreSales\\mlstoresales\\artifact\\data_ingestion\\2022-07-26-03-57-12\\ingested_data\\train\\Train.csv', test_file_path='C:\\fullstackdatascience\\ineuron project\\ML_StoreSales\\mlstoresales\\artifact\\data_ingestion\\2022-07-26-03-57-12\\ingested_data\\test\\Train.csv', is_ingested=True, message='Data ingestion completed successfully.')]
[2022-07-26 03:57:23,065]^;INFO^;138^;data_ingestion.py^;__del__()^;>>>>>>>>>>>>>>>>>>>>>>>>>>>>>>>>>>>>>>>>Data Ingestion log completed.<<<<<<<<<<<<<<<<<<<<<<<<<<<<<<<<<<<<<<<< 


[2022-07-26 03:57:23,119]^;INFO^;20^;data_validation.py^;__init__()^;>>>>>>>>>>>>>>>>>>>>>>>>>>>>>>>>>>>>>>>>>>>>>>>>>>>>>>>>>>>>Data Valdaition log started.<<<<<<<<<<<<<<<<<<<<<<<<<<<<<<<<<<<<<<<<<<<<<<<<<<<<<<<<<<<< 


[2022-07-26 03:57:23,120]^;INFO^;38^;data_validation.py^;is_train_test_file_exists()^;Checking if training and test file is available
[2022-07-26 03:57:23,121]^;INFO^;50^;data_validation.py^;is_train_test_file_exists()^;Is train and test file exists?-> True
[2022-07-26 03:57:36,891]^;INFO^;139^;data_validation.py^;initiate_data_validation()^;Data validation artifact: DataValidationArtifact(schema_file_path='C:\\fullstackdatascience\\ineuron project\\ML_StoreSales\\config\\schema.yaml', report_file_path='C:\\fullstackdatascience\\ineuron project\\ML_StoreSales\\mlstoresales\\artifact\\data_validation\\2022-07-26-03-57-12\\report.json', report_page_file_path='C:\\fullstackdatascience\\ineuron project\\ML_StoreSales\\mlstoresales\\artifact\\data_validation\\2022-07-26-03-57-12\\report.html', is_validated=True, message='Data Validation performed successully.')
[2022-07-26 03:57:36,899]^;INFO^;146^;data_validation.py^;__del__()^;>>>>>>>>>>>>>>>>>>>>>>>>>>>>>>>>>>>>>>>>>>>>>>>>>>>>>>>>>>>>Data Valdaition log completed.<<<<<<<<<<<<<<<<<<<<<<<<<<<<<<<<<<<<<<<<<<<<<<<<<<<<<<<<<<<< 


[2022-07-26 03:57:36,905]^;INFO^;148^;configuration.py^;get_data_transformation_config()^;Data transformation config: DataTransformationConfig(add_bedroom_per_room=True, transformed_train_dir='C:\\fullstackdatascience\\ineuron project\\ML_StoreSales\\mlstoresales\\artifact\\data_transformation\\2022-07-26-03-57-12\\transformed_data\\train', transformed_test_dir='C:\\fullstackdatascience\\ineuron project\\ML_StoreSales\\mlstoresales\\artifact\\data_transformation\\2022-07-26-03-57-12\\transformed_data\\test', preprocessed_object_file_path='C:\\fullstackdatascience\\ineuron project\\ML_StoreSales\\mlstoresales\\artifact\\data_transformation\\2022-07-26-03-57-12\\preprocessed\\preprocessed.pkl')
[2022-07-26 03:57:36,906]^;INFO^;82^;data_transformation.py^;__init__()^;>>>>>>>>>>>>>>>>>>>>>>>>>>>>>>>>>>>>>>>>>>>>>>>>>>>>>>>>>>>>Data Transformation log started.<<<<<<<<<<<<<<<<<<<<<<<<<<<<<<<<<<<<<<<<<<<<<<<<<<<<<<<<<<<< 
[2022-07-26 03:57:36,906]^;INFO^;153^;data_transformation.py^;initiate_data_transformation()^;Obtaining preprocessing object.
[2022-07-26 03:57:36,977]^;INFO^;125^;data_transformation.py^;get_data_transformer_object()^;Categorical columns: ['Item_Identifier', 'Item_Fat_Content', 'Item_Type', 'Outlet_Type']
[2022-07-26 03:57:36,977]^;INFO^;126^;data_transformation.py^;get_data_transformer_object()^;Numerical columns: ['Item_Weight', 'Item_Visibility', 'Item_MRP', 'Outlet_Establishment_Year']
[2022-07-26 03:57:36,978]^;INFO^;157^;data_transformation.py^;initiate_data_transformation()^;Obtaining training and test file path.
[2022-07-26 03:57:36,979]^;INFO^;164^;data_transformation.py^;initiate_data_transformation()^;Loading training and test data as pandas dataframe.
[2022-07-26 03:57:37,584]^;INFO^;174^;data_transformation.py^;initiate_data_transformation()^;Selected columns: dict_keys(['Item_Identifier', 'Item_Weight', 'Item_Fat_Content', 'Item_Visibility', 'Item_Type', 'Item_MRP', 'Outlet_Identifier', 'Outlet_Establishment_Year', 'Outlet_Size', 'Outlet_Location_Type', 'Outlet_Type', 'Item_Outlet_Sales'])
[2022-07-26 03:57:37,585]^;INFO^;176^;data_transformation.py^;initiate_data_transformation()^;Loading training and test data as pandas dataframe.
[2022-07-26 03:57:37,891]^;INFO^;184^;data_transformation.py^;initiate_data_transformation()^;Splitting input and target feature from training and testing dataframe.
[2022-07-26 03:57:37,908]^;INFO^;192^;data_transformation.py^;initiate_data_transformation()^;Applying preprocessing object on training dataframe and testing dataframe
[2022-07-26 03:57:53,769]^;INFO^;62^;data_transformation.py^;transform()^;Transforming data
[2022-07-26 03:57:54,005]^;INFO^;62^;data_transformation.py^;transform()^;Transforming data
[2022-07-26 03:57:54,022]^;INFO^;210^;data_transformation.py^;initiate_data_transformation()^;Saving transformed training and testing array.
[2022-07-26 03:57:54,058]^;INFO^;217^;data_transformation.py^;initiate_data_transformation()^;Saving preprocessing object.
[2022-07-26 03:57:54,122]^;INFO^;227^;data_transformation.py^;initiate_data_transformation()^;Data transformationa artifact: DataTransformationArtifact(is_transformed=True, message='Data transformation successfull.', transformed_train_file_path='C:\\fullstackdatascience\\ineuron project\\ML_StoreSales\\mlstoresales\\artifact\\data_transformation\\2022-07-26-03-57-12\\transformed_data\\train\\Train.npz', transformed_test_file_path='C:\\fullstackdatascience\\ineuron project\\ML_StoreSales\\mlstoresales\\artifact\\data_transformation\\2022-07-26-03-57-12\\transformed_data\\test\\Train.npz', preprocessed_object_file_path='C:\\fullstackdatascience\\ineuron project\\ML_StoreSales\\mlstoresales\\artifact\\data_transformation\\2022-07-26-03-57-12\\preprocessed\\preprocessed.pkl')
[2022-07-26 03:57:54,130]^;INFO^;233^;data_transformation.py^;__del__()^;>>>>>>>>>>>>>>>>>>>>>>>>>>>>>>>>>>>>>>>>>>>>>>>>>>>>>>>>>>>>Data Transformation log completed.<<<<<<<<<<<<<<<<<<<<<<<<<<<<<<<<<<<<<<<<<<<<<<<<<<<<<<<<<<<< 


[2022-07-26 03:57:54,134]^;INFO^;179^;configuration.py^;get_model_trainer_config()^;Model trainer config: ModelTrainerConfig(trained_model_file_path='C:\\fullstackdatascience\\ineuron project\\ML_StoreSales\\mlstoresales\\artifact\\model_trainer\\2022-07-26-03-57-12\\trained_model\\model.pkl', base_accuracy=0.5, model_config_file_path='config\\model.yaml')
[2022-07-26 03:57:54,135]^;INFO^;46^;model_trainer.py^;__init__()^;>>>>>>>>>>>>>>>>>>>>>>>>>>>>>>>>>>>>>>>>>>>>>>>>>>>>>>>>>>>>Model trainer log started.<<<<<<<<<<<<<<<<<<<<<<<<<<<<<<<<<<<<<<<<<<<<<<<<<<<<<<<<<<<< 
[2022-07-26 03:57:54,137]^;INFO^;54^;model_trainer.py^;initiate_model_trainer()^;Loading transformed training dataset
[2022-07-26 03:57:54,590]^;INFO^;58^;model_trainer.py^;initiate_model_trainer()^;Loading transformed testing dataset
[2022-07-26 03:57:54,708]^;INFO^;62^;model_trainer.py^;initiate_model_trainer()^;Splitting training and testing input and target feature
[2022-07-26 03:57:54,708]^;INFO^;66^;model_trainer.py^;initiate_model_trainer()^;Extracting model config file path
[2022-07-26 03:57:54,709]^;INFO^;69^;model_trainer.py^;initiate_model_trainer()^;Initializing model factory class using above model config file: config\model.yaml
[2022-07-26 03:57:54,724]^;INFO^;74^;model_trainer.py^;initiate_model_trainer()^;Expected accuracy: 0.5
[2022-07-26 03:57:54,724]^;INFO^;76^;model_trainer.py^;initiate_model_trainer()^;Initiating operation model selecttion
[2022-07-26 03:57:54,725]^;INFO^;365^;model_factory.py^;get_best_model()^;Started Initializing model from config file
[2022-07-26 03:57:54,730]^;INFO^;202^;model_factory.py^;class_for_name()^;Executing command: from <module 'sklearn.linear_model' from 'C:\\fullstackdatascience\\ineuron project\\ML_StoreSales\\venv\\lib\\site-packages\\sklearn\\linear_model\\__init__.py'> import LinearRegression
[2022-07-26 03:57:54,793]^;INFO^;181^;model_factory.py^;update_property_of_class()^;Executing:$ LinearRegression().fit_intercept=True
[2022-07-26 03:57:54,798]^;INFO^;202^;model_factory.py^;class_for_name()^;Executing command: from <module 'sklearn.ensemble' from 'C:\\fullstackdatascience\\ineuron project\\ML_StoreSales\\venv\\lib\\site-packages\\sklearn\\ensemble\\__init__.py'> import RandomForestRegressor
[2022-07-26 03:57:54,808]^;INFO^;181^;model_factory.py^;update_property_of_class()^;Executing:$ RandomForestRegressor().min_samples_leaf=3
[2022-07-26 03:57:54,817]^;INFO^;367^;model_factory.py^;get_best_model()^;Initialized model: [InitializedModelDetail(model_serial_number='module_0', model=LinearRegression(), param_grid_search={'fit_intercept': [True, False]}, model_name='sklearn.linear_model.LinearRegression'), InitializedModelDetail(model_serial_number='module_1', model=RandomForestRegressor(min_samples_leaf=3), param_grid_search={'min_samples_leaf': [6]}, model_name='sklearn.ensemble.RandomForestRegressor')]
[2022-07-26 03:57:54,818]^;INFO^;202^;model_factory.py^;class_for_name()^;Executing command: from <module 'sklearn.model_selection' from 'C:\\fullstackdatascience\\ineuron project\\ML_StoreSales\\venv\\lib\\site-packages\\sklearn\\model_selection\\__init__.py'> import GridSearchCV
[2022-07-26 03:57:54,832]^;INFO^;181^;model_factory.py^;update_property_of_class()^;Executing:$ GridSearchCV(estimator=LinearRegression(),
             param_grid={'fit_intercept': [True, False]}).cv=5
[2022-07-26 03:57:54,836]^;INFO^;181^;model_factory.py^;update_property_of_class()^;Executing:$ GridSearchCV(cv=5, estimator=LinearRegression(),
             param_grid={'fit_intercept': [True, False]}).verbose=2
[2022-07-26 03:57:54,836]^;INFO^;233^;model_factory.py^;execute_grid_search_operation()^;>>>>>>>>>>>>>>>>>>>>>>>>>>>>>>>>>>>>>>>>>>>>>>>>>>>>>>>>>>>> f"Training LinearRegression Started." <<<<<<<<<<<<<<<<<<<<<<<<<<<<<<<<<<<<<<<<<<<<<<<<<<<<<<<<<<<<
[2022-07-26 03:57:55,325]^;INFO^;243^;model_factory.py^;execute_grid_search_operation()^;>>>>>>>>>>>>>>>>>>>>>>>>>>>>>>>>>>>>>>>>>>>>>>>>>>>>>>>>>>>> f"Training LinearRegression Finished" <<<<<<<<<<<<<<<<<<<<<<<<<<<<<<<<<<<<<<<<<<<<<<<<<<<<<<<<<<<<
[2022-07-26 03:57:55,326]^;INFO^;244^;model_factory.py^;execute_grid_search_operation()^;>>>>>>>>>>>>>>>>>>>> Best model: >>>>>>>>>>>>>>>>>>>>
[2022-07-26 03:57:55,326]^;INFO^;245^;model_factory.py^;execute_grid_search_operation()^;LinearRegression(fit_intercept=False)
[2022-07-26 03:57:55,327]^;INFO^;246^;model_factory.py^;execute_grid_search_operation()^;>>>>>>>>>>>>>>>>>>>> Best Score: >>>>>>>>>>>>>>>>>>>>
[2022-07-26 03:57:55,327]^;INFO^;247^;model_factory.py^;execute_grid_search_operation()^;0.5625601990931074
[2022-07-26 03:57:55,328]^;INFO^;248^;model_factory.py^;execute_grid_search_operation()^;>>>>>>>>>>>>>>>>>>>> Best Params: >>>>>>>>>>>>>>>>>>>>
[2022-07-26 03:57:55,329]^;INFO^;249^;model_factory.py^;execute_grid_search_operation()^;{'fit_intercept': False}
[2022-07-26 03:57:55,329]^;INFO^;202^;model_factory.py^;class_for_name()^;Executing command: from <module 'sklearn.model_selection' from 'C:\\fullstackdatascience\\ineuron project\\ML_StoreSales\\venv\\lib\\site-packages\\sklearn\\model_selection\\__init__.py'> import GridSearchCV
[2022-07-26 03:57:55,334]^;INFO^;181^;model_factory.py^;update_property_of_class()^;Executing:$ GridSearchCV(estimator=RandomForestRegressor(min_samples_leaf=3),
             param_grid={'min_samples_leaf': [6]}).cv=5
[2022-07-26 03:57:55,337]^;INFO^;181^;model_factory.py^;update_property_of_class()^;Executing:$ GridSearchCV(cv=5, estimator=RandomForestRegressor(min_samples_leaf=3),
             param_grid={'min_samples_leaf': [6]}).verbose=2
[2022-07-26 03:57:55,339]^;INFO^;233^;model_factory.py^;execute_grid_search_operation()^;>>>>>>>>>>>>>>>>>>>>>>>>>>>>>>>>>>>>>>>>>>>>>>>>>>>>>>>>>>>> f"Training RandomForestRegressor Started." <<<<<<<<<<<<<<<<<<<<<<<<<<<<<<<<<<<<<<<<<<<<<<<<<<<<<<<<<<<<
[2022-07-26 03:58:30,780]^;INFO^;243^;model_factory.py^;execute_grid_search_operation()^;>>>>>>>>>>>>>>>>>>>>>>>>>>>>>>>>>>>>>>>>>>>>>>>>>>>>>>>>>>>> f"Training RandomForestRegressor Finished" <<<<<<<<<<<<<<<<<<<<<<<<<<<<<<<<<<<<<<<<<<<<<<<<<<<<<<<<<<<<
[2022-07-26 03:58:30,795]^;INFO^;244^;model_factory.py^;execute_grid_search_operation()^;>>>>>>>>>>>>>>>>>>>> Best model: >>>>>>>>>>>>>>>>>>>>
[2022-07-26 03:58:30,795]^;INFO^;245^;model_factory.py^;execute_grid_search_operation()^;RandomForestRegressor(min_samples_leaf=6)
[2022-07-26 03:58:30,803]^;INFO^;246^;model_factory.py^;execute_grid_search_operation()^;>>>>>>>>>>>>>>>>>>>> Best Score: >>>>>>>>>>>>>>>>>>>>
[2022-07-26 03:58:30,804]^;INFO^;247^;model_factory.py^;execute_grid_search_operation()^;0.579331932941751
[2022-07-26 03:58:30,805]^;INFO^;248^;model_factory.py^;execute_grid_search_operation()^;>>>>>>>>>>>>>>>>>>>> Best Params: >>>>>>>>>>>>>>>>>>>>
[2022-07-26 03:58:30,805]^;INFO^;249^;model_factory.py^;execute_grid_search_operation()^;{'min_samples_leaf': 6}
[2022-07-26 03:58:30,841]^;INFO^;351^;model_factory.py^;get_best_model_from_grid_searched_best_model_list()^;Acceptable model found:GridSearchedBestModel(model_serial_number='module_0', model=LinearRegression(), best_model=LinearRegression(fit_intercept=False), best_parameters={'fit_intercept': False}, best_score=0.5625601990931074)
[2022-07-26 03:58:30,847]^;INFO^;351^;model_factory.py^;get_best_model_from_grid_searched_best_model_list()^;Acceptable model found:GridSearchedBestModel(model_serial_number='module_1', model=RandomForestRegressor(min_samples_leaf=3), best_model=RandomForestRegressor(min_samples_leaf=6), best_parameters={'min_samples_leaf': 6}, best_score=0.579331932941751)
[2022-07-26 03:58:30,851]^;INFO^;358^;model_factory.py^;get_best_model_from_grid_searched_best_model_list()^;Best model: GridSearchedBestModel(model_serial_number='module_1', model=RandomForestRegressor(min_samples_leaf=3), best_model=RandomForestRegressor(min_samples_leaf=6), best_parameters={'min_samples_leaf': 6}, best_score=0.579331932941751)
[2022-07-26 03:58:30,855]^;INFO^;79^;model_trainer.py^;initiate_model_trainer()^;Best model found on training dataset: GridSearchedBestModel(model_serial_number='module_1', model=RandomForestRegressor(min_samples_leaf=3), best_model=RandomForestRegressor(min_samples_leaf=6), best_parameters={'min_samples_leaf': 6}, best_score=0.579331932941751)
[2022-07-26 03:58:30,855]^;INFO^;81^;model_trainer.py^;initiate_model_trainer()^;Extracting trained model list.
[2022-07-26 03:58:30,855]^;INFO^;85^;model_trainer.py^;initiate_model_trainer()^;Evaluation all trained model on training and testing dataset both
[2022-07-26 03:58:30,857]^;INFO^;71^;model_factory.py^;evaluate_regression_model()^;>>>>>>>>>>>>>>>>>>>>>>>>>>>>>>>>>>>>>>>>>>>>>>>>>>>>>>>>>>>>Started evaluating model: [LinearRegression] <<<<<<<<<<<<<<<<<<<<<<<<<<<<<<<<<<<<<<<<<<<<<<<<<<<<<<<<<<<<
[2022-07-26 03:58:30,890]^;INFO^;90^;model_factory.py^;evaluate_regression_model()^;>>>>>>>>>>>>>>>>>>>>>>>>>>>>>>>>>>>>>>>>>>>>>>>>>>>>>>>>>>>> Score <<<<<<<<<<<<<<<<<<<<<<<<<<<<<<<<<<<<<<<<<<<<<<<<<<<<<<<<<<<<
[2022-07-26 03:58:30,891]^;INFO^;91^;model_factory.py^;evaluate_regression_model()^;Train Score		 Test Score		 Average Score
[2022-07-26 03:58:30,892]^;INFO^;92^;model_factory.py^;evaluate_regression_model()^;0.5656786530686349		 0.5473671873419179		0.5563722930860299
[2022-07-26 03:58:30,892]^;INFO^;94^;model_factory.py^;evaluate_regression_model()^;>>>>>>>>>>>>>>>>>>>>>>>>>>>>>>>>>>>>>>>>>>>>>>>>>>>>>>>>>>>> Loss <<<<<<<<<<<<<<<<<<<<<<<<<<<<<<<<<<<<<<<<<<<<<<<<<<<<<<<<<<<<
[2022-07-26 03:58:30,892]^;INFO^;95^;model_factory.py^;evaluate_regression_model()^;Diff test train accuracy: [0.018311465726716936].
[2022-07-26 03:58:30,892]^;INFO^;96^;model_factory.py^;evaluate_regression_model()^;Train root mean squared error: [1118.3849073706624].
[2022-07-26 03:58:30,893]^;INFO^;97^;model_factory.py^;evaluate_regression_model()^;Test root mean squared error: [1171.2362258410376].
[2022-07-26 03:58:30,894]^;INFO^;112^;model_factory.py^;evaluate_regression_model()^;Acceptable model found MetricInfoArtifact(model_name='LinearRegression(fit_intercept=False)', model_object=LinearRegression(fit_intercept=False), train_rmse=1118.3849073706624, test_rmse=1171.2362258410376, train_accuracy=0.5656786530686349, test_accuracy=0.5473671873419179, model_accuracy=0.5563722930860299, index_number=0). 
[2022-07-26 03:58:30,896]^;INFO^;71^;model_factory.py^;evaluate_regression_model()^;>>>>>>>>>>>>>>>>>>>>>>>>>>>>>>>>>>>>>>>>>>>>>>>>>>>>>>>>>>>>Started evaluating model: [RandomForestRegressor] <<<<<<<<<<<<<<<<<<<<<<<<<<<<<<<<<<<<<<<<<<<<<<<<<<<<<<<<<<<<
[2022-07-26 03:58:31,222]^;INFO^;90^;model_factory.py^;evaluate_regression_model()^;>>>>>>>>>>>>>>>>>>>>>>>>>>>>>>>>>>>>>>>>>>>>>>>>>>>>>>>>>>>> Score <<<<<<<<<<<<<<<<<<<<<<<<<<<<<<<<<<<<<<<<<<<<<<<<<<<<<<<<<<<<
[2022-07-26 03:58:31,222]^;INFO^;91^;model_factory.py^;evaluate_regression_model()^;Train Score		 Test Score		 Average Score
[2022-07-26 03:58:31,222]^;INFO^;92^;model_factory.py^;evaluate_regression_model()^;0.7618827179663039		 0.5766070018671989		0.6564217913240744
[2022-07-26 03:58:31,223]^;INFO^;94^;model_factory.py^;evaluate_regression_model()^;>>>>>>>>>>>>>>>>>>>>>>>>>>>>>>>>>>>>>>>>>>>>>>>>>>>>>>>>>>>> Loss <<<<<<<<<<<<<<<<<<<<<<<<<<<<<<<<<<<<<<<<<<<<<<<<<<<<<<<<<<<<
[2022-07-26 03:58:31,224]^;INFO^;95^;model_factory.py^;evaluate_regression_model()^;Diff test train accuracy: [0.18527571609910498].
[2022-07-26 03:58:31,224]^;INFO^;96^;model_factory.py^;evaluate_regression_model()^;Train root mean squared error: [828.0969178720135].
[2022-07-26 03:58:31,224]^;INFO^;97^;model_factory.py^;evaluate_regression_model()^;Test root mean squared error: [1132.7741119977093].
[2022-07-26 03:58:31,225]^;INFO^;88^;model_trainer.py^;initiate_model_trainer()^;Best found model on both training and testing dataset.
[2022-07-26 03:58:31,896]^;INFO^;116^;model_trainer.py^;__del__()^;>>>>>>>>>>>>>>>>>>>>>>>>>>>>>>>>>>>>>>>>>>>>>>>>>>>>>>>>>>>>Model trainer log completed.<<<<<<<<<<<<<<<<<<<<<<<<<<<<<<<<<<<<<<<<<<<<<<<<<<<<<<<<<<<< 
