[2022-07-25 06:40:27,356]^;INFO^;225^;configuration.py^;get_training_pipeline_config()^;Training pipleine config: TrainingPipelineConfig(artifact_dir='C:\\fullstackdatascience\\ineuron project\\ML_StoreSales\\mlstoresales\\artifact')
[2022-07-25 06:40:27,393]^;INFO^;114^;pipeline.py^;run_pipeline()^;Pipeline starting.
[2022-07-25 06:40:27,394]^;INFO^;130^;pipeline.py^;run_pipeline()^;Pipeline experiment: Experiment(experiment_id='cb8be755-2156-4409-a657-9f6626da39e9', initialization_timestamp='2022-07-25-06-40-19', artifact_time_stamp='2022-07-25-06-40-19', running_status=True, start_time=datetime.datetime(2022, 7, 25, 6, 40, 27, 394400), stop_time=None, execution_time=None, message='Pipeline has been started.', experiment_file_path='C:\\fullstackdatascience\\ineuron project\\ML_StoreSales\\mlstoresales\\artifact\\experiment\\experiment.csv', accuracy=None, is_model_accepted=None)
[2022-07-25 06:40:27,395]^;INFO^;13^;demo.py^;main()^;main function execution completed.
[2022-07-25 06:40:27,484]^;INFO^;64^;configuration.py^;get_data_ingestion_config()^;Data Ingestion config: DataIngestionConfig(dataset_download_url='https://raw.githubusercontent.com/codeofelango/ineuronproject_storesales/main/Train.csv', tgz_download_dir='C:\\fullstackdatascience\\ineuron project\\ML_StoreSales\\mlstoresales\\artifact\\data_ingestion\\2022-07-25-06-40-19\\tgz_data', raw_data_dir='C:\\fullstackdatascience\\ineuron project\\ML_StoreSales\\mlstoresales\\artifact\\data_ingestion\\2022-07-25-06-40-19\\raw_data', ingested_train_dir='C:\\fullstackdatascience\\ineuron project\\ML_StoreSales\\mlstoresales\\artifact\\data_ingestion\\2022-07-25-06-40-19\\ingested_data\\train', ingested_test_dir='C:\\fullstackdatascience\\ineuron project\\ML_StoreSales\\mlstoresales\\artifact\\data_ingestion\\2022-07-25-06-40-19\\ingested_data\\test')
[2022-07-25 06:40:27,484]^;INFO^;16^;data_ingestion.py^;__init__()^;>>>>>>>>>>>>>>>>>>>>>>>>>>>>>>>>>>>>>>>>Data Ingestion log started.<<<<<<<<<<<<<<<<<<<<<<<<<<<<<<<<<<<<<<<< 
[2022-07-25 06:40:27,484]^;INFO^;126^;data_ingestion.py^;initiate_data_ingestion()^;Downloadingstarted from github location
[2022-07-25 06:40:27,490]^;INFO^;37^;data_ingestion.py^;download_housing_data()^;Downloading file from :[https://raw.githubusercontent.com/codeofelango/ineuronproject_storesales/main/Train.csv] into :[C:\fullstackdatascience\ineuron project\ML_StoreSales\mlstoresales\artifact\data_ingestion\2022-07-25-06-40-19\tgz_data\Train.csv]
[2022-07-25 06:40:30,069]^;INFO^;39^;data_ingestion.py^;download_housing_data()^;File :[C:\fullstackdatascience\ineuron project\ML_StoreSales\mlstoresales\artifact\data_ingestion\2022-07-25-06-40-19\tgz_data\Train.csv] has been downloaded successfully.
[2022-07-25 06:40:30,070]^;INFO^;128^;data_ingestion.py^;initiate_data_ingestion()^;Extracting started
[2022-07-25 06:40:30,071]^;INFO^;56^;data_ingestion.py^;extract_tgz_file()^;Extracting tgz file: [C:\fullstackdatascience\ineuron project\ML_StoreSales\mlstoresales\artifact\data_ingestion\2022-07-25-06-40-19\raw_data\Train.csv] into dir: [C:\fullstackdatascience\ineuron project\ML_StoreSales\mlstoresales\artifact\data_ingestion\2022-07-25-06-40-19\raw_data]
[2022-07-25 06:40:31,183]^;INFO^;60^;data_ingestion.py^;extract_tgz_file()^;Extraction completed
[2022-07-25 06:40:31,184]^;INFO^;130^;data_ingestion.py^;initiate_data_ingestion()^;spliting from github location
[2022-07-25 06:40:31,185]^;INFO^;74^;data_ingestion.py^;split_data_as_train_test()^;Reading csv file: [C:\fullstackdatascience\ineuron project\ML_StoreSales\mlstoresales\artifact\data_ingestion\2022-07-25-06-40-19\raw_data\Train.csv]
[2022-07-25 06:40:31,354]^;INFO^;84^;data_ingestion.py^;split_data_as_train_test()^;Splitting data into train and test
[2022-07-25 06:40:31,355]^;INFO^;89^;data_ingestion.py^;split_data_as_train_test()^;start StratifiedShuffleSplit data into train and test
[2022-07-25 06:40:31,543]^;INFO^;94^;data_ingestion.py^;split_data_as_train_test()^;stop StratifiedShuffleSplit data into train and test in loop
[2022-07-25 06:40:31,573]^;INFO^;104^;data_ingestion.py^;split_data_as_train_test()^;Exporting training datset to file: [C:\fullstackdatascience\ineuron project\ML_StoreSales\mlstoresales\artifact\data_ingestion\2022-07-25-06-40-19\ingested_data\train\Train.csv]
[2022-07-25 06:40:32,014]^;INFO^;109^;data_ingestion.py^;split_data_as_train_test()^;Exporting test dataset to file: [C:\fullstackdatascience\ineuron project\ML_StoreSales\mlstoresales\artifact\data_ingestion\2022-07-25-06-40-19\ingested_data\test\Train.csv]
[2022-07-25 06:40:32,105]^;INFO^;118^;data_ingestion.py^;split_data_as_train_test()^;Data Ingestion artifact:[DataIngestionArtifact(train_file_path='C:\\fullstackdatascience\\ineuron project\\ML_StoreSales\\mlstoresales\\artifact\\data_ingestion\\2022-07-25-06-40-19\\ingested_data\\train\\Train.csv', test_file_path='C:\\fullstackdatascience\\ineuron project\\ML_StoreSales\\mlstoresales\\artifact\\data_ingestion\\2022-07-25-06-40-19\\ingested_data\\test\\Train.csv', is_ingested=True, message='Data ingestion completed successfully.')]
[2022-07-25 06:40:32,109]^;INFO^;138^;data_ingestion.py^;__del__()^;>>>>>>>>>>>>>>>>>>>>>>>>>>>>>>>>>>>>>>>>Data Ingestion log completed.<<<<<<<<<<<<<<<<<<<<<<<<<<<<<<<<<<<<<<<< 


[2022-07-25 06:40:32,122]^;INFO^;20^;data_validation.py^;__init__()^;>>>>>>>>>>>>>>>>>>>>>>>>>>>>>>>>>>>>>>>>>>>>>>>>>>>>>>>>>>>>Data Valdaition log started.<<<<<<<<<<<<<<<<<<<<<<<<<<<<<<<<<<<<<<<<<<<<<<<<<<<<<<<<<<<< 


[2022-07-25 06:40:32,124]^;INFO^;38^;data_validation.py^;is_train_test_file_exists()^;Checking if training and test file is available
[2022-07-25 06:40:32,125]^;INFO^;50^;data_validation.py^;is_train_test_file_exists()^;Is train and test file exists?-> True
[2022-07-25 06:40:38,575]^;INFO^;139^;data_validation.py^;initiate_data_validation()^;Data validation artifact: DataValidationArtifact(schema_file_path='C:\\fullstackdatascience\\ineuron project\\ML_StoreSales\\config\\schema.yaml', report_file_path='C:\\fullstackdatascience\\ineuron project\\ML_StoreSales\\mlstoresales\\artifact\\data_validation\\2022-07-25-06-40-19\\report.json', report_page_file_path='C:\\fullstackdatascience\\ineuron project\\ML_StoreSales\\mlstoresales\\artifact\\data_validation\\2022-07-25-06-40-19\\report.html', is_validated=True, message='Data Validation performed successully.')
[2022-07-25 06:40:38,579]^;INFO^;146^;data_validation.py^;__del__()^;>>>>>>>>>>>>>>>>>>>>>>>>>>>>>>>>>>>>>>>>>>>>>>>>>>>>>>>>>>>>Data Valdaition log completed.<<<<<<<<<<<<<<<<<<<<<<<<<<<<<<<<<<<<<<<<<<<<<<<<<<<<<<<<<<<< 


[2022-07-25 06:40:38,580]^;INFO^;148^;configuration.py^;get_data_transformation_config()^;Data transformation config: DataTransformationConfig(add_bedroom_per_room=True, transformed_train_dir='C:\\fullstackdatascience\\ineuron project\\ML_StoreSales\\mlstoresales\\artifact\\data_transformation\\2022-07-25-06-40-19\\transformed_data\\train', transformed_test_dir='C:\\fullstackdatascience\\ineuron project\\ML_StoreSales\\mlstoresales\\artifact\\data_transformation\\2022-07-25-06-40-19\\transformed_data\\test', preprocessed_object_file_path='C:\\fullstackdatascience\\ineuron project\\ML_StoreSales\\mlstoresales\\artifact\\data_transformation\\2022-07-25-06-40-19\\preprocessed\\preprocessed.pkl')
[2022-07-25 06:40:38,580]^;INFO^;82^;data_transformation.py^;__init__()^;>>>>>>>>>>>>>>>>>>>>>>>>>>>>>>>>>>>>>>>>>>>>>>>>>>>>>>>>>>>>Data Transformation log started.<<<<<<<<<<<<<<<<<<<<<<<<<<<<<<<<<<<<<<<<<<<<<<<<<<<<<<<<<<<< 
[2022-07-25 06:40:38,581]^;INFO^;153^;data_transformation.py^;initiate_data_transformation()^;Obtaining preprocessing object.
[2022-07-25 06:40:38,603]^;INFO^;125^;data_transformation.py^;get_data_transformer_object()^;Categorical columns: ['Item_Identifier', 'Item_Fat_Content', 'Item_Type', 'Outlet_Type']
[2022-07-25 06:40:38,604]^;INFO^;126^;data_transformation.py^;get_data_transformer_object()^;Numerical columns: ['Item_Weight', 'Item_Visibility', 'Item_MRP', 'Outlet_Establishment_Year']
[2022-07-25 06:40:38,604]^;INFO^;157^;data_transformation.py^;initiate_data_transformation()^;Obtaining training and test file path.
[2022-07-25 06:40:38,605]^;INFO^;164^;data_transformation.py^;initiate_data_transformation()^;Loading training and test data as pandas dataframe.
[2022-07-25 06:40:38,802]^;INFO^;174^;data_transformation.py^;initiate_data_transformation()^;Selected columns: dict_keys(['Item_Identifier', 'Item_Weight', 'Item_Fat_Content', 'Item_Visibility', 'Item_Type', 'Item_MRP', 'Outlet_Identifier', 'Outlet_Establishment_Year', 'Outlet_Size', 'Outlet_Location_Type', 'Outlet_Type', 'Item_Outlet_Sales'])
[2022-07-25 06:40:38,802]^;INFO^;176^;data_transformation.py^;initiate_data_transformation()^;Loading training and test data as pandas dataframe.
[2022-07-25 06:40:39,008]^;INFO^;184^;data_transformation.py^;initiate_data_transformation()^;Splitting input and target feature from training and testing dataframe.
[2022-07-25 06:40:39,065]^;INFO^;192^;data_transformation.py^;initiate_data_transformation()^;Applying preprocessing object on training dataframe and testing dataframe
[2022-07-25 06:40:53,454]^;INFO^;62^;data_transformation.py^;transform()^;Transforming data
[2022-07-25 06:40:53,607]^;INFO^;62^;data_transformation.py^;transform()^;Transforming data
[2022-07-25 06:40:53,619]^;INFO^;210^;data_transformation.py^;initiate_data_transformation()^;Saving transformed training and testing array.
[2022-07-25 06:40:53,645]^;INFO^;217^;data_transformation.py^;initiate_data_transformation()^;Saving preprocessing object.
[2022-07-25 06:40:53,699]^;INFO^;227^;data_transformation.py^;initiate_data_transformation()^;Data transformationa artifact: DataTransformationArtifact(is_transformed=True, message='Data transformation successfull.', transformed_train_file_path='C:\\fullstackdatascience\\ineuron project\\ML_StoreSales\\mlstoresales\\artifact\\data_transformation\\2022-07-25-06-40-19\\transformed_data\\train\\Train.npz', transformed_test_file_path='C:\\fullstackdatascience\\ineuron project\\ML_StoreSales\\mlstoresales\\artifact\\data_transformation\\2022-07-25-06-40-19\\transformed_data\\test\\Train.npz', preprocessed_object_file_path='C:\\fullstackdatascience\\ineuron project\\ML_StoreSales\\mlstoresales\\artifact\\data_transformation\\2022-07-25-06-40-19\\preprocessed\\preprocessed.pkl')
[2022-07-25 06:40:53,705]^;INFO^;233^;data_transformation.py^;__del__()^;>>>>>>>>>>>>>>>>>>>>>>>>>>>>>>>>>>>>>>>>>>>>>>>>>>>>>>>>>>>>Data Transformation log completed.<<<<<<<<<<<<<<<<<<<<<<<<<<<<<<<<<<<<<<<<<<<<<<<<<<<<<<<<<<<< 


